<?xml version="1.0" encoding="UTF-8"?>
<!-- Generated by org.testng.reporters.JUnitReportReporter -->
<testsuite hostname="Injection" failures="0" tests="5" name="testPackage.TestClass" time="25.387" errors="0" timestamp="2022-07-14T21:48:34 EET" skipped="0">
  <testcase classname="testPackage.TestClass" name="searchForCucumber" time="9.906"/>
  <system-out/>
  <testcase classname="testPackage.TestClass" name="searchForTestNG" time="5.080"/>
  <system-out/>
  <testcase classname="testPackage.TestClass" name="checkTheResultStateIsNotEmpty" time="4.071"/>
  <system-out/>
  <testcase classname="testPackage.TestClass" name="checkTheLogoOfGooglePage" time="2.967"/>
  <system-out/>
  <testcase classname="testPackage.TestClass" name="checkTitleOfThePage" time="3.363"/>
  <system-out/>
</testsuite> <!-- testPackage.TestClass -->
